"../../../Engine/Content/ArtTools/RenderToTexture/Enums/EFloatTypes.uasset" 0
"../../../Engine/Content/ArtTools/RenderToTexture/Enums/EIntTypes.uasset" 1
"../../../Engine/Content/ArtTools/RenderToTexture/Enums/RenderToTexture_Enum.uasset" 2
"../../../Engine/Content/ArtTools/RenderToTexture/Enums/RenderToTexture_Flipbook_Enum.uasset" 3
"../../../Engine/Content/ArtTools/RenderToTexture/Enums/RenderToTexture_Imposter_Enum.uasset" 4
"../../../Engine/Content/EngineMaterials/T_Default_Material_Grid_N.uasset" 5
"../../../Engine/Content/EngineMaterials/T_Default_Material_Grid_M.uasset" 6
"../../../Engine/Content/Functions/Engine_MaterialFunctions01/Opacity/CameraDepthFade.uasset" 7
"../../../Engine/Content/EngineMaterials/WorldGridMaterial.uasset" 8
"../../../Engine/Content/ArtTools/RenderToTexture/Meshes/S_1_Unit_Plane.uasset" 9
"../../../Engine/Content/EngineMaterials/DefaultMaterial.uasset" 10
"../../../Engine/Content/BasicShapes/Cone.uasset" 11
"../../../Engine/Content/BasicShapes/Cube.uasset" 12
"../../../Engine/Content/BasicShapes/Plane.uasset" 13
"../../../Engine/Content/BasicShapes/Sphere.uasset" 14
"../../../Engine/Content/EngineMaterials/DefaultPhysicalMaterial.uasset" 15
"../../../Engine/Content/BufferVisualization/AmbientOcclusion.uasset" 16
"../../../Engine/Content/Functions/Engine_MaterialFunctions02/Utility/AppendMany.uasset" 17
"../../../Engine/Content/BufferVisualization/Anisotropy.uasset" 18
"../../../Engine/Content/BufferVisualization/BaseColor.uasset" 19
"../../../Engine/Content/BufferVisualization/CustomDepth.uasset" 20
"../../../Engine/Content/Functions/Engine_MaterialFunctions02/Utility/VectorLength.uasset" 21
"../../../Engine/Content/BufferVisualization/CustomDepthWorldUnits.uasset" 22
"../../../Engine/Content/EngineMaterials/MiniFont.uasset" 23
"../../../Engine/Content/Functions/Engine_MaterialFunctions02/Utility/MakeFloat3.uasset" 24
"../../../Engine/Content/Functions/Engine_MaterialFunctions02/Utility/MakeFloat2.uasset" 25
"../../../Engine/Content/Functions/Engine_MaterialFunctions02/ScreenResolution.uasset" 26
"../../../Engine/Content/Functions/Engine_MaterialFunctions02/Utility/BreakOutFloat2Components.uasset" 27
"../../../Engine/Content/Functions/Engine_MaterialFunctions01/Texturing/ScaleUVsByCenter.uasset" 28
"../../../Engine/Content/Functions/Engine_MaterialFunctions02/Texturing/ScreenAlignedUVs.uasset" 29
"../../../Engine/Content/BufferVisualization/CustomStencil.uasset" 30
"../../../Engine/Content/BufferVisualization/FinalImage.uasset" 31
"../../../Engine/Content/BufferVisualization/LightingModel.uasset" 32
"../../../Engine/Content/BufferVisualization/MaterialAO.uasset" 33
"../../../Engine/Content/BufferVisualization/Metallic.uasset" 34
"../../../Engine/Content/BufferVisualization/Opacity.uasset" 35
"../../../Engine/Content/BufferVisualization/PostTonemapHDRColor.uasset" 36
"../../../Engine/Content/BufferVisualization/PreTonemapHDRColor.uasset" 37
"../../../Engine/Content/BufferVisualization/Roughness.uasset" 38
"../../../Engine/Content/BufferVisualization/SceneColor.uasset" 39
"../../../Engine/Content/BufferVisualization/SceneDepth.uasset" 40
"../../../Engine/Content/BufferVisualization/SceneDepthWorldUnits.uasset" 41
"../../../Engine/Content/BufferVisualization/SeparateTranslucencyA.uasset" 42
"../../../Engine/Content/BufferVisualization/SeparateTranslucencyRGB.uasset" 43
"../../../Engine/Content/BufferVisualization/Specular.uasset" 44
"../../../Engine/Content/BufferVisualization/SubsurfaceColor.uasset" 45
"../../../Engine/Content/BufferVisualization/Velocity.uasset" 46
"../../../Engine/Content/BufferVisualization/WorldNormal.uasset" 47
"../../../Engine/Content/BufferVisualization/WorldTangent.uasset" 48
"../../../Engine/Content/EditorLandscapeResources/DataLayer.uasset" 49
"../../../Engine/Content/EditorLandscapeResources/DefaultAlphaTexture.uasset" 50
"../../../Engine/Content/EditorLandscapeResources/LandscapeGizmoHeight_Mat.uasset" 51
"../../../Engine/Content/EditorLandscapeResources/LandscapeGizmo_Mat.uasset" 52
"../../../Engine/Content/EditorLandscapeResources/LandscapeGizmo_Mat_Copied.uasset" 53
"../../../Engine/Content/EditorLandscapeResources/SplineEditorMeshMat.uasset" 54
"../../../Engine/Content/EditorLandscapeResources/SplineEditorMesh.uasset" 55
"../../../Engine/Content/EditorMaterials/Cross.uasset" 56
"../../../Engine/Content/EditorMaterials/Cross_Mat.uasset" 57
"../../../Engine/Content/EditorResources/T_EditorHelp.uasset" 58
"../../../Engine/Content/Functions/Engine_MaterialFunctions02/Utility/Sign.uasset" 59
"../../../Engine/Content/Functions/Engine_MaterialFunctions02/Utility/Round.uasset" 60
"../../../Engine/Content/Functions/Engine_MaterialFunctions02/ExampleContent/Textures/DebugNumberPeriod.uasset" 61
"../../../Engine/Content/Functions/Engine_MaterialFunctions02/ExampleContent/DebugNumberStrip.uasset" 62
"../../../Engine/Content/EngineMaterials/DefaultDiffuse.uasset" 63
"../../../Engine/Content/Functions/Engine_MaterialFunctions01/Texturing/TextureCropping.uasset" 64
"../../../Engine/Content/Functions/Engine_MaterialFunctions01/Texturing/ComputeMipLevel.uasset" 65
"../../../Engine/Content/Functions/Engine_MaterialFunctions02/Utility/DebugScalarValues.uasset" 66
"../../../Engine/Content/Functions/Engine_MaterialFunctions02/Utility/DebugFloat2Values.uasset" 67
"../../../Engine/Content/Functions/Engine_MaterialFunctions02/ExampleContent/Textures/flipbook.uasset" 68
"../../../Engine/Content/Functions/Engine_MaterialFunctions02/Texturing/FlipBook.uasset" 69
"../../../Engine/Content/EditorMaterials/HelpActorMaterial.uasset" 70
"../../../Engine/Content/Functions/Engine_MaterialFunctions03/Procedurals/ComputeFilterWidth.uasset" 71
"../../../Engine/Content/EngineMaterials/BlendFunc_DefBlend.uasset" 72
"../../../Engine/Content/EngineMaterials/BlendFunc_DefBase.uasset" 73
"../../../Engine/Content/Functions/Engine_MaterialFunctions03/Blends/Blend_Screen.uasset" 74
"../../../Engine/Content/EditorMaterials/TilingAALineIntegral.uasset" 75
"../../../Engine/Content/EditorMaterials/TilingAALineBoxFiltered.uasset" 76
"../../../Engine/Content/EditorMaterials/TilingAAGrid.uasset" 77
"../../../Engine/Content/EditorMaterials/TilingAADots.uasset" 78
"../../../Engine/Content/EditorMaterials/CompositeARGBLayer.uasset" 79
"../../../Engine/Content/EditorMaterials/LevelGridMaterial.uasset" 80
"../../../Engine/Content/EditorResources/LevelGrid1DStripes.uasset" 81
"../../../Engine/Content/EditorMaterials/TextureGridCascaded1D.uasset" 82
"../../../Engine/Content/EditorMaterials/TextureGridCascaded2D.uasset" 83
"../../../Engine/Content/EditorMaterials/MakeCompositeARGBLayer.uasset" 84
"../../../Engine/Content/EditorMaterials/LevelGridMaterial2.uasset" 85
"../../../Engine/Content/EditorMaterials/MAT_Groups_Toggle.uasset" 86
"../../../Engine/Content/EditorMaterials/MAT_Groups_Visibility.uasset" 87
"../../../Engine/Content/EditorMaterials/PhAT_BoneSelectedMaterial.uasset" 88
"../../../Engine/Content/EditorMaterials/PhAT_ElemSelectedMaterial.uasset" 89
"../../../Engine/Content/EditorMaterials/PhAT_NoCollisionMaterial.uasset" 90
"../../../Engine/Content/EditorMaterials/PhAT_UnselectedMaterial.uasset" 91
"../../../Engine/Content/EditorMaterials/PreviewShadowIndicator.uasset" 92
"../../../Engine/Content/EditorMaterials/PreviewShadowIndicatorMaterial.uasset" 93
"../../../Engine/Content/EditorMaterials/TargetIcon.uasset" 94
"../../../Engine/Content/EditorMaterials/Tick.uasset" 95
"../../../Engine/Content/EditorMaterials/Tick_Mat.uasset" 96
"../../../Engine/Content/EditorMaterials/WidgetGridVertexColorMaterial.uasset" 97
"../../../Engine/Content/EditorMaterials/WidgetGridVertexColorMaterial_Ma.uasset" 98
"../../../Engine/Content/EditorMaterials/WidgetMaterial.uasset" 99
"../../../Engine/Content/EditorMaterials/WidgetMaterial_Current.uasset" 100
"../../../Engine/Content/EditorMaterials/WidgetMaterial_X.uasset" 101
"../../../Engine/Content/EditorMaterials/WidgetMaterial_Y.uasset" 102
"../../../Engine/Content/EditorMaterials/WidgetMaterial_Z.uasset" 103
"../../../Engine/Content/EditorMaterials/WidgetVertexColorMaterial.uasset" 104
"../../../Engine/Content/EditorMaterials/MatineeGroups/MAT_ColorTrack.uasset" 105
"../../../Engine/Content/EditorMaterials/MatineeGroups/MAT_Groups_Anim.uasset" 106
"../../../Engine/Content/EditorMaterials/MatineeGroups/MAT_Groups_AudioMaster.uasset" 107
"../../../Engine/Content/EditorMaterials/MatineeGroups/MAT_Groups_Director.uasset" 108
"../../../Engine/Content/EditorMaterials/MatineeGroups/MAT_Groups_Event.uasset" 109
"../../../Engine/Content/EditorMaterials/MatineeGroups/MAT_Groups_Fade.uasset" 110
"../../../Engine/Content/EditorMaterials/MatineeGroups/MAT_Groups_Float.uasset" 111
"../../../Engine/Content/EditorMaterials/MatineeGroups/MAT_Groups_Move.uasset" 112
"../../../Engine/Content/EditorMaterials/MatineeGroups/MAT_Groups_Slomo.uasset" 113
"../../../Engine/Content/EditorMaterials/MatineeGroups/MAT_Groups_Sound.uasset" 114
"../../../Engine/Content/EditorMaterials/MatineeGroups/MAT_Groups_Vector.uasset" 115
"../../../Engine/Content/EditorMaterials/ParticleSystems/PSysThumbnail_NoImage.uasset" 116
"../../../Engine/Content/EditorMaterials/ParticleSystems/PSysThumbnail_OOD.uasset" 117
"../../../Engine/Content/EngineMaterials/Grid.uasset" 118
"../../../Engine/Content/EditorMaterials/Thumbnails/FloorPlaneMaterial.uasset" 119
"../../../Engine/Content/EditorMeshes/EditorCube.uasset" 120
"../../../Engine/Content/EditorMeshes/EditorCylinder.uasset" 121
"../../../Engine/Content/EditorMeshes/EditorPlane.uasset" 122
"../../../Engine/Content/EditorMaterials/Thumbnails/SkySphereMaterial.uasset" 123
"../../../Engine/Content/EditorMeshes/EditorSkySphere.uasset" 124
"../../../Engine/Content/EditorMeshes/EditorSphere.uasset" 125
"../../../Engine/Content/EditorResources/MatineeCam_D.uasset" 126
"../../../Engine/Content/EditorMaterials/MatineeCam_mat.uasset" 127
"../../../Engine/Content/EditorMeshes/MatineeCam_SM.uasset" 128
"../../../Engine/Content/EditorMeshes/PlanarReflectionPlane.uasset" 129
"../../../Engine/Content/EngineDebugMaterials/M_SimpleOpaque.uasset" 130
"../../../Engine/Content/EditorMaterials/Camera/MI_CineMat_CamViewFinder.uasset" 131
"../../../Engine/Content/EditorMaterials/Camera/CineMat.uasset" 132
"../../../Engine/Content/EditorMaterials/Camera/MI_CineMat_CameraBody.uasset" 133
"../../../Engine/Content/EditorMeshes/Camera/SM_CineCam.uasset" 134
"../../../Engine/Content/EditorMaterials/Camera/MI_CineMat_Rig.uasset" 135
"../../../Engine/Content/EditorMeshes/Camera/SM_CraneRig_Arm.uasset" 136
"../../../Engine/Content/EditorMeshes/Camera/SM_CraneRig_Base.uasset" 137
"../../../Engine/Content/EditorMeshes/Camera/SM_CraneRig_Body.uasset" 138
"../../../Engine/Content/EditorMeshes/Camera/SM_CraneRig_Mount.uasset" 139
"../../../Engine/Content/EditorMeshes/Camera/SM_RailRig_Mount.uasset" 140
"../../../Engine/Content/EditorMeshes/Camera/SM_RailRig_Track.uasset" 141
"../../../Engine/Content/EditorMeshes/ColorCalibrator/M_ChromeBall.uasset" 142
"../../../Engine/Content/EditorResources/Bad.uasset" 143
"../../../Engine/Content/EditorResources/BSPVertex.uasset" 144
"../../../Engine/Content/EditorResources/EmptyActor.uasset" 145
"../../../Engine/Content/EditorResources/MatInstActSprite.uasset" 146
"../../../Engine/Content/EditorResources/SceneManager.uasset" 147
"../../../Engine/Content/EditorResources/SmallFont.uasset" 148
"../../../Engine/Content/EditorResources/S_Actor.uasset" 149
"../../../Engine/Content/EditorResources/S_CameraShakeSource.uasset" 150
"../../../Engine/Content/EditorResources/S_DecalActorIcon.uasset" 151
"../../../Engine/Content/EditorResources/S_Emitter.uasset" 152
"../../../Engine/Content/EditorResources/S_ExpoHeightFog.uasset" 153
"../../../Engine/Content/EditorResources/S_FTest.uasset" 154
"../../../Engine/Content/EditorResources/S_KBSJoint.uasset" 155
"../../../Engine/Content/EditorResources/S_KHinge.uasset" 156
"../../../Engine/Content/EditorResources/S_KPrismatic.uasset" 157
"../../../Engine/Content/EditorResources/S_LevelSequence.uasset" 158
"../../../Engine/Content/EditorResources/S_NavP.uasset" 159
"../../../Engine/Content/EditorResources/S_Note.uasset" 160
"../../../Engine/Content/EditorResources/S_Player.uasset" 161
"../../../Engine/Content/EditorResources/S_PortalActorIcon2.uasset" 162
"../../../Engine/Content/EditorResources/S_RadForce.uasset" 163
"../../../Engine/Content/EditorResources/S_ReflActorIcon.uasset" 164
"../../../Engine/Content/EditorResources/S_SkyAtmosphere.uasset" 165
"../../../Engine/Content/EditorResources/S_Solver.uasset" 166
"../../../Engine/Content/EditorResources/S_Terrain.uasset" 167
"../../../Engine/Content/EditorResources/S_TextRenderActorIcon.uasset" 168
"../../../Engine/Content/EditorResources/S_Thruster.uasset" 169
"../../../Engine/Content/EditorResources/S_Trigger.uasset" 170
"../../../Engine/Content/EditorResources/S_VectorFieldVol.uasset" 171
"../../../Engine/Content/EditorResources/S_VolumetricCloud.uasset" 172
"../../../Engine/Content/EditorResources/S_WindDirectional.uasset" 173
"../../../Engine/Content/EditorResources/AI/S_NavLink.uasset" 174
"../../../Engine/Content/EditorResources/AudioIcons/S_AudioComponent.uasset" 175
"../../../Engine/Content/EditorResources/AudioIcons/S_AudioComponent_AutoActivate.uasset" 176
"../../../Engine/Content/EditorResources/LightIcons/SkyLight.uasset" 177
"../../../Engine/Content/EditorResources/LightIcons/S_LightDirectional.uasset" 178
"../../../Engine/Content/EditorResources/LightIcons/S_LightDirectionalMove.uasset" 179
"../../../Engine/Content/EditorResources/LightIcons/S_LightError.uasset" 180
"../../../Engine/Content/EditorResources/LightIcons/S_LightPoint.uasset" 181
"../../../Engine/Content/EditorResources/LightIcons/S_LightPointMove.uasset" 182
"../../../Engine/Content/EditorResources/LightIcons/S_LightSpot.uasset" 183
"../../../Engine/Content/EditorResources/LightIcons/S_LightSpotMove.uasset" 184
"../../../Engine/Content/EditorResources/SequenceRecorder/Countdown.uasset" 185
"../../../Engine/Content/EditorResources/SequenceRecorder/RecordingIndicator.uasset" 186
"../../../Engine/Content/EditorResources/Spline/T_Loft_Spline.uasset" 187
"../../../Engine/Content/EditorSounds/Notifications/CompileSuccess.uasset" 188
"../../../Engine/Content/EditorSounds/Notifications/CompileStart_Cue.uasset" 189
"../../../Engine/Content/EditorSounds/Notifications/CompileSuccess_Cue.uasset" 190
"../../../Engine/Content/EngineDamageTypes/DmgTypeBP_Environmental.uasset" 191
"../../../Engine/Content/EngineDebugMaterials/HeatmapGradient.uasset" 192
"../../../Engine/Content/EngineDebugMaterials/BoneWeightMaterial.uasset" 193
"../../../Engine/Content/EngineDebugMaterials/ClothMaterial.uasset" 194
"../../../Engine/Content/EngineDebugMaterials/ClothMaterial_WF.uasset" 195
"../../../Engine/Content/EngineDebugMaterials/DebugEditorMaterial.uasset" 196
"../../../Engine/Content/EngineDebugMaterials/DebugMeshMaterial.uasset" 197
"../../../Engine/Content/EngineDebugMaterials/GeomMaterial.uasset" 198
"../../../Engine/Content/Functions/Engine_MaterialFunctions01/Shading/ConvertFromDiffSpec.uasset" 199
"../../../Engine/Content/EngineDebugMaterials/LevelColorationLitMaterial.uasset" 200
"../../../Engine/Content/EngineDebugMaterials/LevelColorationUnlitMaterial.uasset" 201
"../../../Engine/Content/EngineMaterials/DefaultWhiteGrid.uasset" 202
"../../../Engine/Content/EngineDebugMaterials/MAT_LevelColorationLitLightmapUV.uasset" 203
"../../../Engine/Content/EngineDebugMaterials/M_SimpleUnlitTranslucent.uasset" 204
"../../../Engine/Content/EngineDebugMaterials/VolumeToRender.uasset" 205
"../../../Engine/Content/Functions/Engine_MaterialFunctions02/Utility/CameraDirectionVector.uasset" 206
"../../../Engine/Content/EngineDebugMaterials/M_VolumeRenderSphereTracePP.uasset" 207
"../../../Engine/Content/EngineMaterials/DefaultWhiteGrid_Low.uasset" 208
"../../../Engine/Content/EngineDebugMaterials/PhysicalMaterialMaskMaterial.uasset" 209
"../../../Engine/Content/EngineDebugMaterials/ShadedLevelColorationLitMaterial.uasset" 210
"../../../Engine/Content/EngineDebugMaterials/ShadedLevelColorationUnlitMateri.uasset" 211
"../../../Engine/Content/EngineDebugMaterials/VertexColorMaterial.uasset" 212
"../../../Engine/Content/EngineDebugMaterials/VertexColorViewMode_AlphaAsColor.uasset" 213
"../../../Engine/Content/EngineDebugMaterials/VertexColorViewMode_BlueOnly.uasset" 214
"../../../Engine/Content/EngineDebugMaterials/VertexColorViewMode_ColorOnly.uasset" 215
"../../../Engine/Content/EngineDebugMaterials/VertexColorViewMode_GreenOnly.uasset" 216
"../../../Engine/Content/EngineDebugMaterials/VertexColorViewMode_RedOnly.uasset" 217
"../../../Engine/Content/EngineDebugMaterials/WireframeMaterial.uasset" 218
"../../../Engine/Content/EngineFonts/Faces/RobotoRegular.uasset" 219
"../../../Engine/Content/EngineFonts/Faces/RobotoLight.uasset" 220
"../../../Engine/Content/EngineFonts/Faces/RobotoItalic.uasset" 221
"../../../Engine/Content/EngineFonts/Faces/RobotoBoldItalic.uasset" 222
"../../../Engine/Content/EngineFonts/Faces/RobotoBold.uasset" 223
"../../../Engine/Content/EngineFonts/Faces/DroidSansFallback.uasset" 224
"../../../Engine/Content/EngineFonts/Roboto.uasset" 225
"../../../Engine/Content/EngineFonts/Faces/RobotoTiny.uasset" 226
"../../../Engine/Content/EngineFonts/RobotoTiny.uasset" 227
"../../../Engine/Content/EngineFonts/SmallFont.uasset" 228
"../../../Engine/Content/EngineFonts/TinyFont.uasset" 229
"../../../Engine/Content/EngineMaterials/BaseFlattenNormalMap.uasset" 230
"../../../Engine/Content/EngineMaterials/BaseFlattenGrayscaleMap.uasset" 231
"../../../Engine/Content/EngineMaterials/BaseFlattenEmissiveMap.uasset" 232
"../../../Engine/Content/EngineMaterials/BaseFlattenDiffuseMap.uasset" 233
"../../../Engine/Content/EngineMaterials/BaseFlattenMaterial.uasset" 234
"../../../Engine/Content/EngineResources/WhiteSquareTexture.uasset" 235
"../../../Engine/Content/EngineMaterials/BlinkingCaret.uasset" 236
"../../../Engine/Content/EngineMaterials/BlueNoise.uasset" 237
"../../../Engine/Content/EngineMaterials/DefaultBloomKernel.uasset" 238
"../../../Engine/Content/EngineMaterials/DefaultBokeh.uasset" 239
"../../../Engine/Content/EngineMaterials/DefaultDeferredDecalMaterial.uasset" 240
"../../../Engine/Content/EngineMaterials/DefaultLightFunctionMaterial.uasset" 241
"../../../Engine/Content/EngineMaterials/DefaultNormal.uasset" 242
"../../../Engine/Content/EngineMaterials/DefaultPostProcessMaterial.uasset" 243
"../../../Engine/Content/EngineFonts/RobotoDistanceField.uasset" 244
"../../../Engine/Content/EngineMaterials/DefaultTextMaterialOpaque.uasset" 245
"../../../Engine/Content/EngineMaterials/EditorBrushMaterial.uasset" 246
"../../../Engine/Content/EngineMaterials/EmissiveMeshMaterial.uasset" 247
"../../../Engine/Content/EngineMaterials/GizmoMaterial.uasset" 248
"../../../Engine/Content/EngineMaterials/Good64x64TilingNoiseHighFreq.uasset" 249
"../../../Engine/Content/EngineMaterials/Grid_N.uasset" 250
"../../../Engine/Content/EngineMaterials/HighResolutionScreenshotMaskFunction.uasset" 251
"../../../Engine/Content/EngineMaterials/HighResScreenshot.uasset" 252
"../../../Engine/Content/EngineMaterials/HighResScreenshotCaptureRegion.uasset" 253
"../../../Engine/Content/EngineMaterials/HighResScreenshotMask.uasset" 254
"../../../Engine/Content/EngineMaterials/LandscapeHolePhysicalMaterial.uasset" 255
"../../../Engine/Content/EngineMaterials/InvalidLightmapSettings.uasset" 256
"../../../Engine/Content/EngineMaterials/M_InvalidLightmapSettings.uasset" 257
"../../../Engine/Content/EngineMaterials/PaperDiffuse.uasset" 258
"../../../Engine/Content/EngineMaterials/PaperNormal.uasset" 259
"../../../Engine/Content/Functions/Engine_MaterialFunctions02/WorldPositionOffset/CameraOffset.uasset" 260
"../../../Engine/Content/EngineMaterials/PhAT_JointLimitMaterial.uasset" 261
"../../../Engine/Content/EngineMaterials/PhysMat_Rubber.uasset" 262
"../../../Engine/Content/EngineMaterials/PreintegratedSkinBRDF.uasset" 263
"../../../Engine/Content/EngineMaterials/RemoveSurfaceMaterial.uasset" 264
"../../../Engine/Content/EngineMaterials/WeightMapPlaceholderTexture.uasset" 265
"../../../Engine/Content/Functions/Engine_MaterialFunctions01/ImageAdjustment/sRGBToLinear.uasset" 266
"../../../Engine/Content/Functions/Engine_MaterialFunctions02/Utility/BreakOutFloat3Components.uasset" 267
"../../../Engine/Content/EngineMaterials/Widget3DCameraPassThrough_Opaque_OneSided.uasset" 268
"../../../Engine/Content/EngineMaterials/Widget3DPassThrough.uasset" 269
"../../../Engine/Content/EngineMaterials/Widget3DPassThrough_Masked.uasset" 270
"../../../Engine/Content/EngineMaterials/Widget3DPassThrough_Opaque.uasset" 271
"../../../Engine/Content/EngineMaterials/Widget3DPassThrough_Masked_OneSided.uasset" 272
"../../../Engine/Content/EngineMaterials/Widget3DPassThrough_Opaque_OneSided.uasset" 273
"../../../Engine/Content/EngineMaterials/Widget3DPassThrough_Translucent.uasset" 274
"../../../Engine/Content/EngineMaterials/Widget3DPassThrough_Translucent_OneSided.uasset" 275
"../../../Engine/Content/EngineMeshes/Cylinder.uasset" 276
"../../../Engine/Content/EngineMeshes/Sphere.uasset" 277
"../../../Engine/Content/EngineResources/Black.uasset" 278
"../../../Engine/Content/EngineResources/DefaultTextureCube.uasset" 279
"../../../Engine/Content/EngineResources/DefaultVolumeTexture2D.uasset" 280
"../../../Engine/Content/EngineResources/DefaultVolumeTexture.uasset" 281
"../../../Engine/Content/EngineResources/GradientTexture0.uasset" 282
"../../../Engine/Content/EngineResources/StreamingPauseIcon.uasset" 283
"../../../Engine/Content/EngineResources/M_StreamingPause.uasset" 284
"../../../Engine/Content/EngineSky/VolumetricClouds/T_NoiseShape64.uasset" 285
"../../../Engine/Content/EngineSky/VolumetricClouds/T_VolumeNoiseShape64.uasset" 286
"../../../Engine/Content/EngineSky/VolumetricClouds/T_NoiseErosion.uasset" 287
"../../../Engine/Content/EngineSky/VolumetricClouds/T_VolumeNoiseErosion32.uasset" 288
"../../../Engine/Content/EngineSky/VolumetricClouds/CloudWeatherTexture.uasset" 289
"../../../Engine/Content/EngineSky/VolumetricClouds/CloudGradientTexture.uasset" 290
"../../../Engine/Content/EngineSky/VolumetricClouds/m_SimpleVolumetricCloud.uasset" 291
"../../../Engine/Content/EngineSky/VolumetricClouds/m_SimpleVolumetricCloud_Inst.uasset" 292
"../../../Engine/Content/EngineSounds/Master.uasset" 293
"../../../Engine/Content/Functions/Engine_MaterialFunctions01/Shading/PowerToRoughness.uasset" 294
"../../../Engine/Content/Maps/Templates/Thumbnails/Default.uasset" 295
"../../../Engine/Content/Maps/Templates/Thumbnails/TimeOfDay.uasset" 296
"../../../Engine/Content/Maps/Templates/Thumbnails/VR-Basic.uasset" 297
"../../../Engine/Content/MapTemplates/Sky/DaylightAmbientCubemap.uasset" 298
"../../../Engine/Content/MobileResources/T_MobileControls_texture.uasset" 299
"../../../Engine/Content/MobileResources/T_MobileMenu2.uasset" 300
"../../../Engine/Content/MobileResources/HUD/AnalogHat.uasset" 301
"../../../Engine/Content/MobileResources/HUD/VirtualJoystick_Thumb.uasset" 302
"../../../Engine/Content/MobileResources/HUD/VirtualJoystick_Background.uasset" 303
"../../../Engine/Content/MobileResources/HUD/DefaultVirtualJoysticks.uasset" 304
"../../../Engine/Content/MobileResources/HUD/LeftVirtualJoystickOnly.uasset" 305
"../../../Engine/Content/MobileResources/HUD/MobileHUDButton1_off.uasset" 306
"../../../Engine/Content/MobileResources/HUD/MobileHUDButton1_on.uasset" 307
"../../../Engine/Content/MobileResources/HUD/MobileHUDButton2_off.uasset" 308
"../../../Engine/Content/MobileResources/HUD/MobileHUDButton2_on.uasset" 309
"../../../Engine/Content/MobileResources/HUD/MobileHUDButton3.uasset" 310
"../../../Engine/Content/MobileResources/HUD/MobileHUDButtonFire.uasset" 311
"../../../Engine/Content/MobileResources/HUD/MobileHUDDirectionPad.uasset" 312
"../../../Engine/Content/MobileResources/HUD/MobileHUDDirectionPad2.uasset" 313
"../../../Engine/Content/MobileResources/HUD/MobileHUDDirectionPad3.uasset" 314
"../../../Engine/Content/MobileResources/HUD/MobileHUDDirectionStick.uasset" 315
"../../../Engine/Content/MobileResources/HUD/T_Castle_ThumbstickInner.uasset" 316
"../../../Engine/Content/MobileResources/HUD/T_Castle_ThumbstickOutter.uasset" 317
"../../../Engine/Content/Tutorial/ContentIntroCurve.uasset" 318
"../../../Engine/Content/Tutorial/Basics/LevelEditorAttract.uasset" 319
"../../../Engine/Content/Tutorial/Basics/TutorialAssets/icon_tab_Levels_40x.uasset" 320
"../../../Engine/Content/Tutorial/Basics/LevelEditorOverview.uasset" 321
"../../../Engine/Content/Tutorial/BlueprintTutorials/TutorialAssets/Blueprint_64x.uasset" 322
"../../../Engine/Content/Tutorial/BlueprintTutorials/BlueprintEditorTutorial.uasset" 323
"../../../Engine/Content/VREditor/TransformGizmo/TranslucentTransformGizmoMaterial.uasset" 324
"../../../Engine/Content/VREditor/LaserPointer/VR_LaserPower_01.uasset" 325
"../../../Engine/Content/VREditor/TransformGizmo/TransformGizmoMaterial.uasset" 326
"../../../Engine/Content/VREditor/TransformGizmo/BoundingBoxCorner.uasset" 327
"../../../Engine/Content/VREditor/TransformGizmo/BoundingBoxEdge.uasset" 328
"../../../Engine/Content/VREditor/TransformGizmo/PlaneTranslationHandle.uasset" 329
"../../../Engine/Content/VREditor/TransformGizmo/Xray.uasset" 330
"../../../Engine/Content/VREditor/TransformGizmo/Main.uasset" 331
"../../../Engine/Content/VREditor/TransformGizmo/SM_Sequencer_Key.uasset" 332
"../../../Engine/Content/VREditor/TransformGizmo/SM_Sequencer_Node.uasset" 333
"C:/Users/zfert/Games/Capstone/Long/Long/Content/StarterContent/Audio/Starter_Birds01.uasset" 334
"C:/Users/zfert/Games/Capstone/Long/Long/Content/StarterContent/Audio/Starter_Wind05.uasset" 335
"C:/Users/zfert/Games/Capstone/Long/Long/Content/StarterContent/Audio/Starter_Wind06.uasset" 336
"C:/Users/zfert/Games/Capstone/Long/Long/Content/Sequences/BaseSequence.uasset" 337
"../../Plugins/2D/Paper2D/Content/PlaceholderTextures/DummySpriteTexture.uasset" 338
"../../Plugins/2D/Paper2D/Content/DummySprite.uasset" 339
"../../Plugins/2D/Paper2D/Content/DefaultPaperTerrainMaterial.uasset" 340
"../../Plugins/2D/Paper2D/Content/DefaultSpriteMaterial.uasset" 341
"../../Plugins/2D/Paper2D/Content/MaskedUnlitSpriteMaterial.uasset" 342
"../../Plugins/2D/Paper2D/Content/OpaqueUnlitSpriteMaterial.uasset" 343
"../../Plugins/Editor/SpeedTreeImporter/Content/SpeedTree9/UnpackInteger3.uasset" 344
"../../Plugins/Editor/SpeedTreeImporter/Content/SpeedTree9/UnpackDirection.uasset" 345
"../../Plugins/Editor/SpeedTreeImporter/Content/SpeedTree9/game_wind_noise.uasset" 346
"../../../Engine/Content/Functions/Engine_MaterialFunctions02/SafeNormalize.uasset" 347
"../../Plugins/Editor/SpeedTreeImporter/Content/SpeedTree9/SpeedTreeWindMotion.uasset" 348
"../../Plugins/Editor/SpeedTreeImporter/Content/SpeedTree9/SpeedTreeBranchMotion.uasset" 349
"../../../Engine/Content/Functions/Engine_MaterialFunctions02/ObjectLocalBounds.uasset" 350
"../../../Engine/Content/Functions/Engine_MaterialFunctions02/UVs/BoundingBoxBased_0-1_UVW.uasset" 351
"../../Plugins/Editor/SpeedTreeImporter/Content/SpeedTree9/SpeedTreeWind.uasset" 352
"../../Plugins/Editor/SpeedTreeImporter/Content/SpeedTree9/SpeedTreeBillboard.uasset" 353
"../../../Engine/Content/EngineResources/DefaultTexture.uasset" 354
"../../Plugins/Editor/SpeedTreeImporter/Content/SpeedTree9/SpeedTreeBillboardMaster.uasset" 355
"../../Plugins/Editor/SpeedTreeImporter/Content/SpeedTree9/SpeedTreeCameraFacing.uasset" 356
"../../Plugins/Editor/SpeedTreeImporter/Content/SpeedTree9/SpeedTreeMaster.uasset" 357
"../../Plugins/FX/Niagara/Content/Enums/ENiagaraAnimTrailWidthMode.uasset" 358
"../../Plugins/FX/Niagara/Content/Enums/ENiagaraArraySamplingMode.uasset" 359
"../../Plugins/FX/Niagara/Content/Enums/ENiagaraBoneSamplingMode.uasset" 360
"../../Plugins/FX/Niagara/Content/Enums/ENiagaraBoneSocketSamplingMode.uasset" 361
"../../Plugins/FX/Niagara/Content/Enums/ENiagaraBooleanLogicOps.uasset" 362
"../../Plugins/FX/Niagara/Content/Enums/ENiagaraBooleanLogicOps_v2.uasset" 363
"../../Plugins/FX/Niagara/Content/Enums/ENiagaraCalculateRadiusOptions.uasset" 364
"../../Plugins/FX/Niagara/Content/Enums/ENiagaraChannelCorrelation.uasset" 365
"../../Plugins/FX/Niagara/Content/Enums/ENiagaraCollisionRadiusOptions.uasset" 366
"../../Plugins/FX/Niagara/Content/Enums/ENiagaraCoordinateSpace.uasset" 367
"../../Plugins/FX/Niagara/Content/Enums/ENiagaraCurlNoiseQuality.uasset" 368
"../../Plugins/FX/Niagara/Content/Enums/ENiagaraEmitterLifeCycleMode.uasset" 369
"../../Plugins/FX/Niagara/Content/Enums/ENiagaraEmitterScalabilityMode.uasset" 370
"../../Plugins/FX/Niagara/Content/Enums/ENiagaraEmitterScalabilityMode_Limited.uasset" 371
"../../Plugins/FX/Niagara/Content/Enums/ENiagaraExecutionStateManagement.uasset" 372
"../../Plugins/FX/Niagara/Content/Enums/ENiagaraExpansionMode.uasset" 373
"../../Plugins/FX/Niagara/Content/Enums/ENiagaraFrictionMergeType.uasset" 374
"../../Plugins/FX/Niagara/Content/Enums/ENiagaraGPUDepthResponseType.uasset" 375
"../../Plugins/FX/Niagara/Content/Enums/ENiagaraGridPlacementType.uasset" 376
"../../Plugins/FX/Niagara/Content/Enums/ENiagaraInactiveMode.uasset" 377
"../../Plugins/FX/Niagara/Content/Enums/ENiagaraKillVolumeOptions.uasset" 378
"../../Plugins/FX/Niagara/Content/Enums/ENiagaraLinearColor_Channels.uasset" 379
"../../Plugins/FX/Niagara/Content/Enums/ENiagaraMassByVolume.uasset" 380
"../../Plugins/FX/Niagara/Content/Enums/ENiagaraMassCalculationForRendererTypes.uasset" 381
"../../Plugins/FX/Niagara/Content/Enums/ENiagaraMeshOrSprite.uasset" 382
"../../Plugins/FX/Niagara/Content/Enums/ENiagaraMeshSamplingMode.uasset" 383
"../../Plugins/FX/Niagara/Content/Enums/ENiagaraMeshSurfaceSamplingMode.uasset" 384
"../../Plugins/FX/Niagara/Content/Enums/ENiagaraMeshTransforms.uasset" 385
"../../Plugins/FX/Niagara/Content/Enums/ENiagaraMinOrMax.uasset" 386
"../../Plugins/FX/Niagara/Content/Enums/ENiagaraNumericVariableTypes.uasset" 387
"../../Plugins/FX/Niagara/Content/Enums/ENiagaraOrientationAxis.uasset" 388
"../../Plugins/FX/Niagara/Content/Enums/ENiagaraQuaternionDerivationTechnique.uasset" 389
"../../Plugins/FX/Niagara/Content/Enums/ENiagaraRandomnessEvaluation.uasset" 390
"../../Plugins/FX/Niagara/Content/Enums/ENiagaraRandomnessMode.uasset" 391
"../../Plugins/FX/Niagara/Content/Enums/ENiagaraRestitutionMergeType.uasset" 392
"../../Plugins/FX/Niagara/Content/Enums/ENiagaraScaleColorMode.uasset" 393
"../../Plugins/FX/Niagara/Content/Enums/ENiagaraSimulationTarget.uasset" 394
"../../Plugins/FX/Niagara/Content/Enums/ENiagaraSkeletalSpawning.uasset" 395
"../../Plugins/FX/Niagara/Content/Enums/ENiagaraSkelSamplingFilteringMode.uasset" 396
"../../Plugins/FX/Niagara/Content/Enums/ENiagaraSkelSamplingModeFull.uasset" 397
"../../Plugins/FX/Niagara/Content/Enums/ENiagaraSocketSamplingMode.uasset" 398
"../../Plugins/FX/Niagara/Content/Enums/ENiagaraSphereDistributionMode.uasset" 399
"../../Plugins/FX/Niagara/Content/Enums/ENiagaraSUbUVAnimationMode.uasset" 400
"../../Plugins/FX/Niagara/Content/Enums/ENiagaraSystemInactiveMode.uasset" 401
"../../Plugins/FX/Niagara/Content/Enums/ENiagaraTorusDistributionMode.uasset" 402
"../../Plugins/FX/Niagara/Content/Enums/ENiagaraTorusMode.uasset" 403
"../../Plugins/FX/Niagara/Content/Enums/ENiagaraTriangleSamplingMode.uasset" 404
"../../Plugins/FX/Niagara/Content/Enums/ENiagaraVector2_Channels.uasset" 405
"../../Plugins/FX/Niagara/Content/Enums/ENiagaraVector3_Channels.uasset" 406
"../../Plugins/FX/Niagara/Content/Enums/ENiagaraVector4_Channels.uasset" 407
"../../Plugins/FX/Niagara/Content/Enums/ENiagaraVertexFilteringMode.uasset" 408
"../../Plugins/FX/Niagara/Content/Enums/ENiagaraVertexSamplingMode.uasset" 409
"../../Plugins/FX/Niagara/Content/Enums/ENiagara_AudioParamType.uasset" 410
"../../Plugins/FX/Niagara/Content/Enums/ENiagara_BankOnTurns.uasset" 411
"../../Plugins/FX/Niagara/Content/Enums/ENiagara_CameraMeshOrientation.uasset" 412
"../../Plugins/FX/Niagara/Content/Enums/ENiagara_CameraProperties.uasset" 413
"../../Plugins/FX/Niagara/Content/Enums/ENiagara_CollisionType.uasset" 414
"../../Plugins/FX/Niagara/Content/Enums/ENiagara_ColorInitializationMode.uasset" 415
"../../Plugins/FX/Niagara/Content/Enums/ENiagara_CPUCollisionType.uasset" 416
"../../Plugins/FX/Niagara/Content/Enums/ENiagara_DirectReadApplicationMode.uasset" 417
"../../Plugins/FX/Niagara/Content/Enums/ENiagara_DirectReadParticleIDSampling.uasset" 418
"../../Plugins/FX/Niagara/Content/Enums/ENiagara_DirectReadSamplingMode.uasset" 419
"../../Plugins/FX/Niagara/Content/Enums/ENiagara_EmitterLocSamplingMode.uasset" 420
"../../Plugins/FX/Niagara/Content/Enums/ENiagara_EmitterStateOptions.uasset" 421
"../../Plugins/FX/Niagara/Content/Enums/ENiagara_FadeOperationType.uasset" 422
"../../Plugins/FX/Niagara/Content/Enums/ENiagara_Float4Channel.uasset" 423
"../../Plugins/FX/Niagara/Content/Enums/ENiagara_GPUCollisionType.uasset" 424
"../../Plugins/FX/Niagara/Content/Enums/ENiagara_IDAttributes.uasset" 425
"../../Plugins/FX/Niagara/Content/Enums/ENiagara_InfiniteLoopDuration.uasset" 426
"../../Plugins/FX/Niagara/Content/Enums/ENiagara_LifetimeInheritanceOptions.uasset" 427
"../../Plugins/FX/Niagara/Content/Enums/ENiagara_LifetimeMode.uasset" 428
"../../Plugins/FX/Niagara/Content/Enums/ENiagara_MassInitializationMode.uasset" 429
"../../Plugins/FX/Niagara/Content/Enums/ENiagara_MultipleLerpCount.uasset" 430
"../../Plugins/FX/Niagara/Content/Enums/ENiagara_PositionInitializationMode.uasset" 431
"../../Plugins/FX/Niagara/Content/Enums/ENiagara_RotationDefinitionApproach.uasset" 432
"../../Plugins/FX/Niagara/Content/Enums/ENiagara_SizeScaleMode.uasset" 433
"../../Plugins/FX/Niagara/Content/Enums/ENiagara_SpawnBurstMode.uasset" 434
"../../Plugins/FX/Niagara/Content/Enums/ENiagara_SpriteRotationMode.uasset" 435
"../../Plugins/FX/Niagara/Content/Enums/ENiagara_SubUVLookupMode.uasset" 436
"../../Plugins/FX/Niagara/Content/Enums/ENiagara_TransformBaseOptions.uasset" 437
"../../Plugins/FX/Niagara/Content/Enums/ENiagara_TransformMode.uasset" 438
"../../Plugins/FX/Niagara/Content/Enums/ENiagara_TransformOrientationMode.uasset" 439
"../../Plugins/FX/Niagara/Content/Enums/ENiagara_UVFlippingMode.uasset" 440
"../../Plugins/FX/Niagara/Content/Enums/Niagara_Units.uasset" 441
"../../Plugins/FX/Niagara/Content/Enums/CascadeConversion/ECascadeNiagaraOrbitChainMode.uasset" 442
"../../Plugins/FX/Niagara/Content/Enums/CascadeConversion/ECascadeNiagaraTwoVectorChannels.uasset" 443
"../../Plugins/FX/Niagara/Content/Icons/S_ParticleSystem.uasset" 444
"../../../Engine/Content/BasicShapes/Cylinder.uasset" 445
"../../../Engine/Content/ArtTools/RenderToTexture/Materials/Debug/M_Emissive_Color.uasset" 446
"../../Plugins/Lumin/MagicLeapPassableWorld/Content/MagicLeapARPinInfoActor.uasset" 447
"../../../Engine/Content/Functions/Engine_MaterialFunctions02/Utility/BreakOutFloat4Components.uasset" 448
"../../Plugins/Runtime/Oculus/OculusVR/Content/Materials/OculusMR_ChromaKey.uasset" 449
"../../Plugins/Runtime/Oculus/OculusVR/Content/Materials/OculusMR_OpaqueColoredMaterial.uasset" 450
"../../Plugins/Runtime/Oculus/OculusVR/Content/Materials/PokeAHoleMaterial.uasset" 451
"../../../Engine/Content/Maps/Entry_BuiltData.uasset" 452
"../../../Engine/Content/Maps/Entry.umap" 453
"C:/Users/zfert/Games/Capstone/Long/Long/Content/Props/Textures/Round_Chair_Red_Normal.uasset" 454
"C:/Users/zfert/Games/Capstone/Long/Long/Content/Props/Textures/Round_Chair_Red.uasset" 455
"C:/Users/zfert/Games/Capstone/Long/Long/Content/Props/Textures/Round_Chair_Red_Mat.uasset" 456
"C:/Users/zfert/Games/Capstone/Long/Long/Content/Props/Textures/Round_Chair_Green_Normal.uasset" 457
"C:/Users/zfert/Games/Capstone/Long/Long/Content/Props/Textures/Round_Chair_Green.uasset" 458
"C:/Users/zfert/Games/Capstone/Long/Long/Content/Props/Textures/Round_Chair_Green_Mat.uasset" 459
"C:/Users/zfert/Games/Capstone/Long/Long/Content/Props/Textures/Round_Chair_Blue_Normal.uasset" 460
"C:/Users/zfert/Games/Capstone/Long/Long/Content/Props/Textures/Round_Chair_Blue.uasset" 461
"C:/Users/zfert/Games/Capstone/Long/Long/Content/Props/Textures/Round_Chair_Blue_Mat.uasset" 462
"C:/Users/zfert/Games/Capstone/Long/Long/Content/Props/Textures/Carpet_floor_hallway_2_Normal.uasset" 463
"C:/Users/zfert/Games/Capstone/Long/Long/Content/Props/Textures/Carpet_floor_hallway_2.uasset" 464
"C:/Users/zfert/Games/Capstone/Long/Long/Content/Props/Textures/Carpet_floor_hallway_2_Mat.uasset" 465
"C:/Users/zfert/Games/Capstone/Long/Long/Content/Props/Textures/20220510_123021.uasset" 466
"C:/Users/zfert/Games/Capstone/Long/Long/Content/Props/Textures/20220510_123021_Mat.uasset" 467
"C:/Users/zfert/Games/Capstone/Long/Long/Content/Props/PictureStuff/IMG_1848_copy.uasset" 468
"C:/Users/zfert/Games/Capstone/Long/Long/Content/Props/PictureStuff/IMG_1848_copy_Mat.uasset" 469
"C:/Users/zfert/Games/Capstone/Long/Long/Content/Props/PictureStuff/IMG_1845_copy.uasset" 470
"C:/Users/zfert/Games/Capstone/Long/Long/Content/Props/PictureStuff/IMG_1845_copy_Mat.uasset" 471
"C:/Users/zfert/Games/Capstone/Long/Long/Content/Props/PictureStuff/IMG_1843_copy.uasset" 472
"C:/Users/zfert/Games/Capstone/Long/Long/Content/Props/PictureStuff/IMG_1843_copy_Mat.uasset" 473
"C:/Users/zfert/Games/Capstone/Long/Long/Content/Props/Mats/Orange.uasset" 474
"C:/Users/zfert/Games/Capstone/Long/Long/Content/Props/Mats/M_GlassRed.uasset" 475
"C:/Users/zfert/Games/Capstone/Long/Long/Content/Props/Mats/M_GlassGreen.uasset" 476
"C:/Users/zfert/Games/Capstone/Long/Long/Content/Props/Mats/M_GlassFrostedRed.uasset" 477
"C:/Users/zfert/Games/Capstone/Long/Long/Content/Props/Mats/M_GlassFrostedGreen.uasset" 478
"C:/Users/zfert/Games/Capstone/Long/Long/Content/Props/Mats/M_GlassBlue.uasset" 479
"C:/Users/zfert/Games/Capstone/Long/Long/Content/Props/Mats/M_Basic_Wall.uasset" 480
"C:/Users/zfert/Games/Capstone/Long/Long/Content/Props/Mats/M_Basic_Floor.uasset" 481
"C:/Users/zfert/Games/Capstone/Long/Long/Content/Props/Mats/M_AssetPlatform.uasset" 482
"C:/Users/zfert/Games/Capstone/Long/Long/Content/Props/Mats/Light.uasset" 483
"C:/Users/zfert/Games/Capstone/Long/Long/Content/Props/Mats/Green.uasset" 484
"C:/Users/zfert/Games/Capstone/Long/Long/Content/Props/Mats/M_GlassFrostedBlue.uasset" 485
"C:/Users/zfert/Games/Capstone/Long/Long/Content/Props/Mats/Gray.uasset" 486
"C:/Users/zfert/Games/Capstone/Long/Long/Content/Props/Mats/SilverShinier.uasset" 487
"C:/Users/zfert/Games/Capstone/Long/Long/Content/StarterContent/Textures/T_MacroVariation.uasset" 488
"C:/Users/zfert/Games/Capstone/Long/Long/Content/StarterContent/Textures/T_Wood_Walnut_N.uasset" 489
"C:/Users/zfert/Games/Capstone/Long/Long/Content/StarterContent/Textures/T_Wood_Walnut_D.uasset" 490
"C:/Users/zfert/Games/Capstone/Long/Long/Content/StarterContent/Materials/M_Wood_Walnut.uasset" 491
"C:/Users/zfert/Games/Capstone/Long/Long/Content/Props/Mats/M_Glass.uasset" 492
"C:/Users/zfert/Games/Capstone/Long/Long/Content/Props/Uncolored/wood-door-side-glass.uasset" 493
"C:/Users/zfert/Games/Capstone/Long/Long/Content/Props/Mats/Silver.uasset" 494
"C:/Users/zfert/Games/Capstone/Long/Long/Content/Props/Uncolored/wood-door.uasset" 495
"C:/Users/zfert/Games/Capstone/Long/Long/Content/Props/Mats/lambert2.uasset" 496
"C:/Users/zfert/Games/Capstone/Long/Long/Content/Props/Mats/lambert1.uasset" 497
"C:/Users/zfert/Games/Capstone/Long/Long/Content/Props/Mats/blinn1.uasset" 498
"C:/Users/zfert/Games/Capstone/Long/Long/Content/Props/Uncolored/waterfountain.uasset" 499
"C:/Users/zfert/Games/Capstone/Long/Long/Content/Props/Mats/DarkGray.uasset" 500
"C:/Users/zfert/Games/Capstone/Long/Long/Content/Props/Uncolored/stair_doors.uasset" 501
"C:/Users/zfert/Games/Capstone/Long/Long/Content/Props/Mats/M_GlassFrostedYellow.uasset" 502
"C:/Users/zfert/Games/Capstone/Long/Long/Content/Props/Mats/Black.uasset" 503
"C:/Users/zfert/Games/Capstone/Long/Long/Content/Props/Uncolored/short_lamp.uasset" 504
"C:/Users/zfert/Games/Capstone/Long/Long/Content/Props/Uncolored/glass_door_pods_polySurface365.uasset" 505
"C:/Users/zfert/Games/Capstone/Long/Long/Content/Props/Uncolored/glass_door_pods_polySurface17126.uasset" 506
"C:/Users/zfert/Games/Capstone/Long/Long/Content/Props/Mats/White.uasset" 507
"C:/Users/zfert/Games/Capstone/Long/Long/Content/Props/Mats/GlossyWhite.uasset" 508
"C:/Users/zfert/Games/Capstone/Long/Long/Content/Props/Uncolored/frontdoor1.uasset" 509
"C:/Users/zfert/Games/Capstone/Long/Long/Content/Props/Sign/3d_tv_display_PhysicsAsset.uasset" 510
"C:/Users/zfert/Games/Capstone/Long/Long/Content/Props/Sign/3d_tv_display_Skeleton.uasset" 511
"C:/Users/zfert/Games/Capstone/Long/Long/Content/Props/Mats/Red.uasset" 512
"C:/Users/zfert/Games/Capstone/Long/Long/Content/Props/Mats/Blue.uasset" 513
"C:/Users/zfert/Games/Capstone/Long/Long/Content/Props/Sign/3d_tv_display.uasset" 514
"C:/Users/zfert/Games/Capstone/Long/Long/Content/Props/PictureStuff/paintinghall.uasset" 515
"C:/Users/zfert/Games/Capstone/Long/Long/Content/Props/PictureStuff/painting_no_frame.uasset" 516
"C:/Users/zfert/Games/Capstone/Long/Long/Content/Props/PictureStuff/Images_iMedia_in_Puerto_Rico_V.uasset" 517
"C:/Users/zfert/Games/Capstone/Long/Long/Content/Props/PictureStuff/Images_iMedia_in_Puerto_Rico_V_Mat.uasset" 518
"C:/Users/zfert/Games/Capstone/Long/Long/Content/Props/PictureStuff/iMedia_V.uasset" 519
"C:/Users/zfert/Games/Capstone/Long/Long/Content/Props/PictureStuff/Images_iMedia_in_Puerto_Rico.uasset" 520
"C:/Users/zfert/Games/Capstone/Long/Long/Content/Props/PictureStuff/Images_iMedia_in_Puerto_Rico_Mat.uasset" 521
"C:/Users/zfert/Games/Capstone/Long/Long/Content/Props/PictureStuff/iMedia_in_PR4.uasset" 522
"C:/Users/zfert/Games/Capstone/Long/Long/Content/Props/PictureStuff/Images_iMedia_in_Puerto_Rico4.uasset" 523
"C:/Users/zfert/Games/Capstone/Long/Long/Content/Props/PictureStuff/Images_iMedia_in_Puerto_Rico4_Mat.uasset" 524
"C:/Users/zfert/Games/Capstone/Long/Long/Content/Props/PictureStuff/iMedia_in_PR3.uasset" 525
"C:/Users/zfert/Games/Capstone/Long/Long/Content/Props/PictureStuff/Images_iMedia_in_Puerto_Rico3.uasset" 526
"C:/Users/zfert/Games/Capstone/Long/Long/Content/Props/PictureStuff/Images_iMedia_in_Puerto_Rico3_Mat.uasset" 527
"C:/Users/zfert/Games/Capstone/Long/Long/Content/Props/PictureStuff/iMedia_in_PR2.uasset" 528
"C:/Users/zfert/Games/Capstone/Long/Long/Content/Props/PictureStuff/Images_iMedia_in_Puerto_Rico2.uasset" 529
"C:/Users/zfert/Games/Capstone/Long/Long/Content/Props/PictureStuff/Images_iMedia_in_Puerto_Rico2_Mat.uasset" 530
"C:/Users/zfert/Games/Capstone/Long/Long/Content/Props/PictureStuff/iMedia_in_PR1.uasset" 531
"C:/Users/zfert/Games/Capstone/Long/Long/Content/Props/PictureStuff/framed_painting.uasset" 532
"C:/Users/zfert/Games/Capstone/Long/Long/Content/Props/Textures/tkynejer_2K_Roughness.uasset" 533
"C:/Users/zfert/Games/Capstone/Long/Long/Content/Props/Textures/tkynejer_2K_Normal.uasset" 534
"C:/Users/zfert/Games/Capstone/Long/Long/Content/Props/Textures/tkynejer_2K_Displacement.uasset" 535
"C:/Users/zfert/Games/Capstone/Long/Long/Content/Props/Textures/tkynejer_2K_AO.uasset" 536
"C:/Users/zfert/Games/Capstone/Long/Long/Content/Props/Textures/tkynejer_2K_Albedo.uasset" 537
"C:/Users/zfert/Games/Capstone/Long/Long/Content/Props/Textures/tkynejer_2K_Albedo_Mat.uasset" 538
"C:/Users/zfert/Games/Capstone/Long/Long/Content/Props/Textures/Tile_Floor_Normal2.uasset" 539
"C:/Users/zfert/Games/Capstone/Long/Long/Content/Props/Textures/Tile_Floor1.uasset" 540
"C:/Users/zfert/Games/Capstone/Long/Long/Content/Props/Textures/Tile_Floor1_Mat.uasset" 541
"C:/Users/zfert/Games/Capstone/Long/Long/Content/Props/Capstones/Mats/pasted__blinn9.uasset" 542
"C:/Users/zfert/Games/Capstone/Long/Long/Content/Props/Capstones/Mats/pasted__blinn8.uasset" 543
"C:/Users/zfert/Games/Capstone/Long/Long/Content/Props/Capstones/Mats/pasted__blinn7.uasset" 544
"C:/Users/zfert/Games/Capstone/Long/Long/Content/Props/Capstones/Mats/pasted__blinn6.uasset" 545
"C:/Users/zfert/Games/Capstone/Long/Long/Content/Props/Capstones/Mats/pasted__blinn5.uasset" 546
"C:/Users/zfert/Games/Capstone/Long/Long/Content/Props/Capstones/Mats/pasted__blinn41.uasset" 547
"C:/Users/zfert/Games/Capstone/Long/Long/Content/Props/Capstones/Mats/pasted__blinn40.uasset" 548
"C:/Users/zfert/Games/Capstone/Long/Long/Content/Props/Capstones/Mats/pasted__blinn4.uasset" 549
"C:/Users/zfert/Games/Capstone/Long/Long/Content/Props/Capstones/Mats/pasted__blinn39.uasset" 550
"C:/Users/zfert/Games/Capstone/Long/Long/Content/Props/Capstones/Mats/pasted__blinn38.uasset" 551
"C:/Users/zfert/Games/Capstone/Long/Long/Content/Props/Capstones/Mats/pasted__blinn37.uasset" 552
"C:/Users/zfert/Games/Capstone/Long/Long/Content/Props/Capstones/Mats/pasted__blinn36.uasset" 553
"C:/Users/zfert/Games/Capstone/Long/Long/Content/Props/Capstones/Mats/pasted__blinn35.uasset" 554
"C:/Users/zfert/Games/Capstone/Long/Long/Content/Props/Capstones/Mats/pasted__blinn34.uasset" 555
"C:/Users/zfert/Games/Capstone/Long/Long/Content/Props/Capstones/Mats/pasted__blinn33.uasset" 556
"C:/Users/zfert/Games/Capstone/Long/Long/Content/Props/Capstones/Mats/pasted__blinn32.uasset" 557
"C:/Users/zfert/Games/Capstone/Long/Long/Content/Props/Capstones/Mats/pasted__blinn31.uasset" 558
"C:/Users/zfert/Games/Capstone/Long/Long/Content/Props/Capstones/Mats/pasted__blinn30.uasset" 559
"C:/Users/zfert/Games/Capstone/Long/Long/Content/Props/Capstones/Mats/pasted__blinn3.uasset" 560
"C:/Users/zfert/Games/Capstone/Long/Long/Content/Props/Capstones/Mats/pasted__blinn29.uasset" 561
"C:/Users/zfert/Games/Capstone/Long/Long/Content/Props/Capstones/Mats/pasted__blinn28.uasset" 562
"C:/Users/zfert/Games/Capstone/Long/Long/Content/Props/Capstones/Mats/pasted__blinn27.uasset" 563
"C:/Users/zfert/Games/Capstone/Long/Long/Content/Props/Capstones/Mats/pasted__blinn26.uasset" 564
"C:/Users/zfert/Games/Capstone/Long/Long/Content/Props/Capstones/Mats/pasted__blinn25.uasset" 565
"C:/Users/zfert/Games/Capstone/Long/Long/Content/Props/Capstones/Mats/pasted__blinn24.uasset" 566
"C:/Users/zfert/Games/Capstone/Long/Long/Content/Props/Capstones/Mats/pasted__blinn23.uasset" 567
"C:/Users/zfert/Games/Capstone/Long/Long/Content/Props/Capstones/Mats/pasted__blinn22.uasset" 568
"C:/Users/zfert/Games/Capstone/Long/Long/Content/Props/Capstones/Mats/pasted__blinn21.uasset" 569
"C:/Users/zfert/Games/Capstone/Long/Long/Content/Props/Capstones/Mats/pasted__blinn20.uasset" 570
"C:/Users/zfert/Games/Capstone/Long/Long/Content/Props/Capstones/Mats/pasted__blinn19.uasset" 571
"C:/Users/zfert/Games/Capstone/Long/Long/Content/Props/Capstones/Mats/pasted__blinn18.uasset" 572
"C:/Users/zfert/Games/Capstone/Long/Long/Content/Props/Capstones/Mats/pasted__blinn17.uasset" 573
"C:/Users/zfert/Games/Capstone/Long/Long/Content/Props/Capstones/Mats/pasted__blinn16.uasset" 574
"C:/Users/zfert/Games/Capstone/Long/Long/Content/Props/Capstones/Mats/pasted__blinn15.uasset" 575
"C:/Users/zfert/Games/Capstone/Long/Long/Content/Props/Capstones/Mats/pasted__blinn14.uasset" 576
"C:/Users/zfert/Games/Capstone/Long/Long/Content/Props/Capstones/Mats/pasted__blinn13.uasset" 577
"C:/Users/zfert/Games/Capstone/Long/Long/Content/Props/Capstones/Mats/pasted__blinn12.uasset" 578
"C:/Users/zfert/Games/Capstone/Long/Long/Content/Props/Capstones/Mats/pasted__blinn11.uasset" 579
"C:/Users/zfert/Games/Capstone/Long/Long/Content/Props/Capstones/Mats/pasted__blinn10.uasset" 580
"C:/Users/zfert/Games/Capstone/Long/Long/Content/Props/Capstones/Mats/lambert1.uasset" 581
"C:/Users/zfert/Games/Capstone/Long/Long/Content/Props/Capstones/Mats/blinn9.uasset" 582
"C:/Users/zfert/Games/Capstone/Long/Long/Content/Props/Capstones/Mats/blinn8.uasset" 583
"C:/Users/zfert/Games/Capstone/Long/Long/Content/Props/Capstones/Mats/blinn7.uasset" 584
"C:/Users/zfert/Games/Capstone/Long/Long/Content/Props/Capstones/Mats/blinn6.uasset" 585
"C:/Users/zfert/Games/Capstone/Long/Long/Content/Props/Capstones/Mats/blinn5.uasset" 586
"C:/Users/zfert/Games/Capstone/Long/Long/Content/Props/Capstones/Mats/blinn4.uasset" 587
"C:/Users/zfert/Games/Capstone/Long/Long/Content/Props/Capstones/Mats/blinn39.uasset" 588
"C:/Users/zfert/Games/Capstone/Long/Long/Content/Props/Capstones/Mats/blinn38.uasset" 589
"C:/Users/zfert/Games/Capstone/Long/Long/Content/Props/Capstones/Mats/blinn37.uasset" 590
"C:/Users/zfert/Games/Capstone/Long/Long/Content/Props/Capstones/Mats/blinn36.uasset" 591
"C:/Users/zfert/Games/Capstone/Long/Long/Content/Props/Capstones/Mats/blinn35.uasset" 592
"C:/Users/zfert/Games/Capstone/Long/Long/Content/Props/Capstones/Mats/blinn34.uasset" 593
"C:/Users/zfert/Games/Capstone/Long/Long/Content/Props/Capstones/Mats/blinn33.uasset" 594
"C:/Users/zfert/Games/Capstone/Long/Long/Content/Props/Capstones/Mats/blinn32.uasset" 595
"C:/Users/zfert/Games/Capstone/Long/Long/Content/Props/Capstones/Mats/blinn31.uasset" 596
"C:/Users/zfert/Games/Capstone/Long/Long/Content/Props/Capstones/Mats/blinn30.uasset" 597
"C:/Users/zfert/Games/Capstone/Long/Long/Content/Props/Capstones/Mats/blinn3.uasset" 598
"C:/Users/zfert/Games/Capstone/Long/Long/Content/Props/Capstones/Mats/blinn29.uasset" 599
"C:/Users/zfert/Games/Capstone/Long/Long/Content/Props/Capstones/Mats/blinn28.uasset" 600
"C:/Users/zfert/Games/Capstone/Long/Long/Content/Props/Capstones/Mats/blinn27.uasset" 601
"C:/Users/zfert/Games/Capstone/Long/Long/Content/Props/Capstones/Mats/blinn26.uasset" 602
"C:/Users/zfert/Games/Capstone/Long/Long/Content/Props/Capstones/Mats/blinn25.uasset" 603
"C:/Users/zfert/Games/Capstone/Long/Long/Content/Props/Capstones/Mats/blinn24.uasset" 604
"C:/Users/zfert/Games/Capstone/Long/Long/Content/Props/Capstones/Mats/blinn23.uasset" 605
"C:/Users/zfert/Games/Capstone/Long/Long/Content/Props/Capstones/Mats/blinn22.uasset" 606
"C:/Users/zfert/Games/Capstone/Long/Long/Content/Props/Capstones/Mats/blinn21.uasset" 607
"C:/Users/zfert/Games/Capstone/Long/Long/Content/Props/Capstones/Mats/blinn20.uasset" 608
"C:/Users/zfert/Games/Capstone/Long/Long/Content/Props/Capstones/Mats/blinn2.uasset" 609
"C:/Users/zfert/Games/Capstone/Long/Long/Content/Props/Capstones/Mats/blinn19.uasset" 610
"C:/Users/zfert/Games/Capstone/Long/Long/Content/Props/Capstones/Mats/blinn18.uasset" 611
"C:/Users/zfert/Games/Capstone/Long/Long/Content/Props/Capstones/Mats/blinn17.uasset" 612
"C:/Users/zfert/Games/Capstone/Long/Long/Content/Props/Capstones/Mats/blinn16.uasset" 613
"C:/Users/zfert/Games/Capstone/Long/Long/Content/Props/Capstones/Mats/blinn15.uasset" 614
"C:/Users/zfert/Games/Capstone/Long/Long/Content/Props/Capstones/Mats/blinn14.uasset" 615
"C:/Users/zfert/Games/Capstone/Long/Long/Content/Props/Capstones/Mats/blinn13.uasset" 616
"C:/Users/zfert/Games/Capstone/Long/Long/Content/Props/Capstones/Mats/blinn12.uasset" 617
"C:/Users/zfert/Games/Capstone/Long/Long/Content/Props/Capstones/Mats/blinn11.uasset" 618
"C:/Users/zfert/Games/Capstone/Long/Long/Content/Props/Capstones/Mats/blinn10.uasset" 619
"C:/Users/zfert/Games/Capstone/Long/Long/Content/Props/Capstones/Mats/blinn1.uasset" 620
"C:/Users/zfert/Games/Capstone/Long/Long/Content/Props/Capstones/tyrell.uasset" 621
"C:/Users/zfert/Games/Capstone/Long/Long/Content/Props/Capstones/Mats/blinn56.uasset" 622
"C:/Users/zfert/Games/Capstone/Long/Long/Content/Props/Capstones/Mats/blinn55.uasset" 623
"C:/Users/zfert/Games/Capstone/Long/Long/Content/Props/Capstones/thereelyou.uasset" 624
"C:/Users/zfert/Games/Capstone/Long/Long/Content/Props/Capstones/Mats/lambert2.uasset" 625
"C:/Users/zfert/Games/Capstone/Long/Long/Content/Props/Capstones/Mats/blinn54.uasset" 626
"C:/Users/zfert/Games/Capstone/Long/Long/Content/Props/Capstones/Mats/blinn53.uasset" 627
"C:/Users/zfert/Games/Capstone/Long/Long/Content/Props/Capstones/teachme.uasset" 628
"C:/Users/zfert/Games/Capstone/Long/Long/Content/Props/Capstones/Mats/pasted__blinn47.uasset" 629
"C:/Users/zfert/Games/Capstone/Long/Long/Content/Props/Capstones/Mats/pasted__blinn46.uasset" 630
"C:/Users/zfert/Games/Capstone/Long/Long/Content/Props/Capstones/Mats/pasted__blinn45.uasset" 631
"C:/Users/zfert/Games/Capstone/Long/Long/Content/Props/Capstones/Mats/blinn79.uasset" 632
"C:/Users/zfert/Games/Capstone/Long/Long/Content/Props/Capstones/Mats/blinn78.uasset" 633
"C:/Users/zfert/Games/Capstone/Long/Long/Content/Props/Capstones/Mats/blinn77.uasset" 634
"C:/Users/zfert/Games/Capstone/Long/Long/Content/Props/Capstones/StillIRise.uasset" 635
"C:/Users/zfert/Games/Capstone/Long/Long/Content/Props/Capstones/Mats/lambert6.uasset" 636
"C:/Users/zfert/Games/Capstone/Long/Long/Content/Props/Capstones/Mats/blinn71.uasset" 637
"C:/Users/zfert/Games/Capstone/Long/Long/Content/Props/Capstones/Mats/blinn70.uasset" 638
"C:/Users/zfert/Games/Capstone/Long/Long/Content/Props/Capstones/Mats/blinn69.uasset" 639
"C:/Users/zfert/Games/Capstone/Long/Long/Content/Props/Capstones/Mats/blinn68.uasset" 640
"C:/Users/zfert/Games/Capstone/Long/Long/Content/Props/Capstones/Mats/blinn67.uasset" 641
"C:/Users/zfert/Games/Capstone/Long/Long/Content/Props/Capstones/Shout.uasset" 642
"C:/Users/zfert/Games/Capstone/Long/Long/Content/Props/Capstones/Mats/ss2.uasset" 643
"C:/Users/zfert/Games/Capstone/Long/Long/Content/Props/Capstones/Mats/ss1.uasset" 644
"C:/Users/zfert/Games/Capstone/Long/Long/Content/Props/Capstones/Saints+Stratagies.uasset" 645
"C:/Users/zfert/Games/Capstone/Long/Long/Content/Props/Capstones/Mats/blinn52.uasset" 646
"C:/Users/zfert/Games/Capstone/Long/Long/Content/Props/Capstones/Mats/blinn51.uasset" 647
"C:/Users/zfert/Games/Capstone/Long/Long/Content/Props/Capstones/safeski.uasset" 648
"C:/Users/zfert/Games/Capstone/Long/Long/Content/Props/Capstones/Mats/lambert7.uasset" 649
"C:/Users/zfert/Games/Capstone/Long/Long/Content/Props/Capstones/Mats/blinn82.uasset" 650
"C:/Users/zfert/Games/Capstone/Long/Long/Content/Props/Capstones/Mats/blinn81.uasset" 651
"C:/Users/zfert/Games/Capstone/Long/Long/Content/Props/Capstones/Mats/blinn80.uasset" 652
"C:/Users/zfert/Games/Capstone/Long/Long/Content/Props/Capstones/offscript.uasset" 653
"C:/Users/zfert/Games/Capstone/Long/Long/Content/Props/Capstones/Mats/blinn50.uasset" 654
"C:/Users/zfert/Games/Capstone/Long/Long/Content/Props/Capstones/Mats/blinn49.uasset" 655
"C:/Users/zfert/Games/Capstone/Long/Long/Content/Props/Capstones/mothernature.uasset" 656
"C:/Users/zfert/Games/Capstone/Long/Long/Content/Props/Capstones/Mats/blinn73.uasset" 657
"C:/Users/zfert/Games/Capstone/Long/Long/Content/Props/Capstones/Mats/blinn72.uasset" 658
"C:/Users/zfert/Games/Capstone/Long/Long/Content/Props/Capstones/mindspace.uasset" 659
"C:/Users/zfert/Games/Capstone/Long/Long/Content/Props/Capstones/Mats/blinn48.uasset" 660
"C:/Users/zfert/Games/Capstone/Long/Long/Content/Props/Capstones/Mats/blinn47.uasset" 661
"C:/Users/zfert/Games/Capstone/Long/Long/Content/Props/Capstones/masfit.uasset" 662
"C:/Users/zfert/Games/Capstone/Long/Long/Content/Props/Capstones/Mats/blinn46.uasset" 663
"C:/Users/zfert/Games/Capstone/Long/Long/Content/Props/Capstones/Mats/blinn45.uasset" 664
"C:/Users/zfert/Games/Capstone/Long/Long/Content/Props/Capstones/elontogether.uasset" 665
"C:/Users/zfert/Games/Capstone/Long/Long/Content/Props/Capstones/Mats/blinn44.uasset" 666
"C:/Users/zfert/Games/Capstone/Long/Long/Content/Props/Capstones/Mats/blinn43.uasset" 667
"C:/Users/zfert/Games/Capstone/Long/Long/Content/Props/Capstones/Mats/blinn42.uasset" 668
"C:/Users/zfert/Games/Capstone/Long/Long/Content/Props/Capstones/Mats/blinn41.uasset" 669
"C:/Users/zfert/Games/Capstone/Long/Long/Content/Props/Capstones/Mats/blinn40.uasset" 670
"C:/Users/zfert/Games/Capstone/Long/Long/Content/Props/Capstones/ehip.uasset" 671
"C:/Users/zfert/Games/Capstone/Long/Long/Content/Props/Capstones/Mats/lambert3.uasset" 672
"C:/Users/zfert/Games/Capstone/Long/Long/Content/Props/Capstones/Mats/blinn59.uasset" 673
"C:/Users/zfert/Games/Capstone/Long/Long/Content/Props/Capstones/Mats/blinn58.uasset" 674
"C:/Users/zfert/Games/Capstone/Long/Long/Content/Props/Capstones/Mats/blinn57.uasset" 675
"C:/Users/zfert/Games/Capstone/Long/Long/Content/Props/Capstones/beniza.uasset" 676
"C:/Users/zfert/Games/Capstone/Long/Long/Content/Props/Textures/Wooden_Wall_Classroom_Normal.uasset" 677
"C:/Users/zfert/Games/Capstone/Long/Long/Content/Props/Textures/Wooden_Wall_Classroom.uasset" 678
"C:/Users/zfert/Games/Capstone/Long/Long/Content/Props/Textures/Wooden_Wall_Classroom_Mat.uasset" 679
"C:/Users/zfert/Games/Capstone/Long/Long/Content/StarterContent/Materials/M_Glass.uasset" 680
"C:/Users/zfert/Games/Capstone/Long/Long/Content/Props/windowTall.uasset" 681
"C:/Users/zfert/Games/Capstone/Long/Long/Content/Props/Mats/pasted__phong5.uasset" 682
"C:/Users/zfert/Games/Capstone/Long/Long/Content/Props/desk.uasset" 683
"C:/Users/zfert/Games/Capstone/Long/Long/Content/Props/Textures/Carpet_Floor_Lobby_Normal.uasset" 684
"C:/Users/zfert/Games/Capstone/Long/Long/Content/Props/Textures/Carpet_Floor_Lobby.uasset" 685
"C:/Users/zfert/Games/Capstone/Long/Long/Content/Props/Textures/Carpet_Floor_Lobby_Mat.uasset" 686
"C:/Users/zfert/Games/Capstone/Long/Long/Content/Props/CR.uasset" 687
"C:/Users/zfert/Games/Capstone/Long/Long/Content/Props/Textures/Couch_Lobby_Top_Normal.uasset" 688
"C:/Users/zfert/Games/Capstone/Long/Long/Content/Props/Textures/Couch_Lobby_Top.uasset" 689
"C:/Users/zfert/Games/Capstone/Long/Long/Content/Props/Textures/Couch_Lobby_Top_Mat.uasset" 690
"C:/Users/zfert/Games/Capstone/Long/Long/Content/Props/Textures/Couch_Lobby_Bottom_Normal.uasset" 691
"C:/Users/zfert/Games/Capstone/Long/Long/Content/Props/Textures/Couch_Lobby_Bottom.uasset" 692
"C:/Users/zfert/Games/Capstone/Long/Long/Content/Props/Textures/Couch_Lobby_Bottom_Mat.uasset" 693
"C:/Users/zfert/Games/Capstone/Long/Long/Content/Props/couch.uasset" 694
"C:/Users/zfert/Games/Capstone/Long/Long/Content/Props/couch-coffee-table.uasset" 695
"C:/Users/zfert/Games/Capstone/Long/Long/Content/StarterContent/Textures/T_Statue_N.uasset" 696
"C:/Users/zfert/Games/Capstone/Long/Long/Content/StarterContent/Textures/T_Statue_M.uasset" 697
"C:/Users/zfert/Games/Capstone/Long/Long/Content/StarterContent/Props/Materials/M_StatueGlass.uasset" 698
"C:/Users/zfert/Games/Capstone/Long/Long/Content/StarterContent/Materials/MonitorBlack.uasset" 699
"C:/Users/zfert/Games/Capstone/Long/Long/Content/Props/computerboxthing.uasset" 700
"C:/Users/zfert/Games/Capstone/Long/Long/Content/Props/Comb__3D_Media_Sign.uasset" 701
"C:/Users/zfert/Games/Capstone/Long/Long/Content/Props/clock.uasset" 702
"C:/Users/zfert/Games/Capstone/Long/Long/Content/Props/circleseat.uasset" 703
"C:/Users/zfert/Games/Capstone/Long/Long/Content/Props/chrgingStation.uasset" 704
"C:/Users/zfert/Games/Capstone/Long/Long/Content/Props/chandelier.uasset" 705
"C:/Users/zfert/Games/Capstone/Long/Long/Content/Props/Textures/Chair_Classroom_Students_Seat_Normal.uasset" 706
"C:/Users/zfert/Games/Capstone/Long/Long/Content/Props/Textures/Chair_Classroom_Students_Seat.uasset" 707
"C:/Users/zfert/Games/Capstone/Long/Long/Content/Props/Textures/Chair_Classroom_Students_Seat_Mat.uasset" 708
"C:/Users/zfert/Games/Capstone/Long/Long/Content/Props/Textures/Chair_Classroom_Students_Back_Normal.uasset" 709
"C:/Users/zfert/Games/Capstone/Long/Long/Content/Props/Textures/Chair_Classroom_Students_Back.uasset" 710
"C:/Users/zfert/Games/Capstone/Long/Long/Content/Props/Textures/Chair_Classroom_Students_Back_Mat.uasset" 711
"C:/Users/zfert/Games/Capstone/Long/Long/Content/Props/chair_w_wheels.uasset" 712
"C:/Users/zfert/Games/Capstone/Long/Long/Content/Props/Textures/Chair_Classroom2_Students_Normal.uasset" 713
"C:/Users/zfert/Games/Capstone/Long/Long/Content/Props/Textures/Chair_Classroom2_Students.uasset" 714
"C:/Users/zfert/Games/Capstone/Long/Long/Content/Props/Textures/Chair_Classroom2_Students_Mat.uasset" 715
"C:/Users/zfert/Games/Capstone/Long/Long/Content/Props/chair_w_no_arms.uasset" 716
"C:/Users/zfert/Games/Capstone/Long/Long/Content/Props/cartt.uasset" 717
"C:/Users/zfert/Games/Capstone/Long/Long/Content/Props/bottom_cabinets.uasset" 718
"C:/Users/zfert/Games/Capstone/Long/Long/Content/Props/BigCouch.uasset" 719
"C:/Users/zfert/Games/Capstone/Long/Long/Content/Props/Mats/Yellow.uasset" 720
"C:/Users/zfert/Games/Capstone/Long/Long/Content/Props/bathroom_door.uasset" 721
"C:/Users/zfert/Games/Capstone/Long/Long/Content/StarterContent/Audio/Starter_Background_Cue.uasset" 722
"C:/Users/zfert/Games/Capstone/Long/Long/Content/StarterContent/Textures/T_Wood_Oak_N.uasset" 723
"C:/Users/zfert/Games/Capstone/Long/Long/Content/StarterContent/Textures/T_Wood_Oak_D.uasset" 724
"C:/Users/zfert/Games/Capstone/Long/Long/Content/StarterContent/Materials/M_Wood_Oak.uasset" 725
"C:/Users/zfert/Games/Capstone/Long/Long/Content/Props/Textures/Long_chair_2_top__1_.uasset" 726
"C:/Users/zfert/Games/Capstone/Long/Long/Content/Props/Textures/Long_chair_2_top_Normal__1_.uasset" 727
"C:/Users/zfert/Games/Capstone/Long/Long/Content/Props/Textures/Long_chair_2_top__1__Mat.uasset" 728
"C:/Users/zfert/Games/Capstone/Long/Long/Content/Props/wide_bench.uasset" 729
"C:/Users/zfert/Games/Capstone/Long/Long/Content/Props/Whiteboard_small_without_stand.uasset" 730
"C:/Users/zfert/Games/Capstone/Long/Long/Content/Props/whiteboard_lab.uasset" 731
"C:/Users/zfert/Games/Capstone/Long/Long/Content/Props/Whiteboard_innovation_lab.uasset" 732
"C:/Users/zfert/Games/Capstone/Long/Long/Content/Props/Whiteboard_FacOffice.uasset" 733
"C:/Users/zfert/Games/Capstone/Long/Long/Content/Props/whiteboardhangers.uasset" 734
"C:/Users/zfert/Games/Capstone/Long/Long/Content/Props/weird-coffee-table.uasset" 735
"C:/Users/zfert/Games/Capstone/Long/Long/Content/Props/WallFrameLab.uasset" 736
"C:/Users/zfert/Games/Capstone/Long/Long/Content/Props/TV_lobby.uasset" 737
"C:/Users/zfert/Games/Capstone/Long/Long/Content/Props/TV_EditingPod3.uasset" 738
"C:/Users/zfert/Games/Capstone/Long/Long/Content/Props/trashcan1.uasset" 739
"C:/Users/zfert/Games/Capstone/Long/Long/Content/Props/top_cabinets.uasset" 740
"C:/Users/zfert/Games/Capstone/Long/Long/Content/Props/Square_Table.uasset" 741
"C:/Users/zfert/Games/Capstone/Long/Long/Content/Props/Mats/typeBlinn1.uasset" 742
"C:/Users/zfert/Games/Capstone/Long/Long/Content/Props/speaker.uasset" 743
"C:/Users/zfert/Games/Capstone/Long/Long/Content/Props/Textures/Carpet_Floor_Toilet_Entrance_Normal.uasset" 744
"C:/Users/zfert/Games/Capstone/Long/Long/Content/Props/Textures/Carpet_Floor_Toilet_Entrance.uasset" 745
"C:/Users/zfert/Games/Capstone/Long/Long/Content/Props/Textures/Carpet_Floor_Toilet_Entrance_Mat.uasset" 746
"C:/Users/zfert/Games/Capstone/Long/Long/Content/Props/runner.uasset" 747
"C:/Users/zfert/Games/Capstone/Long/Long/Content/Props/Round_table.uasset" 748
"C:/Users/zfert/Games/Capstone/Long/Long/Content/Props/projector_casing.uasset" 749
"C:/Users/zfert/Games/Capstone/Long/Long/Content/Props/Textures/Chair_Classroom_Professor_Normal.uasset" 750
"C:/Users/zfert/Games/Capstone/Long/Long/Content/Props/Textures/Chair_Classroom_Professor.uasset" 751
"C:/Users/zfert/Games/Capstone/Long/Long/Content/Props/Textures/Chair_Classroom_Professor_Mat.uasset" 752
"C:/Users/zfert/Games/Capstone/Long/Long/Content/Props/professor_chair.uasset" 753
"C:/Users/zfert/Games/Capstone/Long/Long/Content/Props/Mats/OffWhite.uasset" 754
"C:/Users/zfert/Games/Capstone/Long/Long/Content/Props/printer.uasset" 755
"C:/Users/zfert/Games/Capstone/Long/Long/Content/Props/podiumm.uasset" 756
"C:/Users/zfert/Games/Capstone/Long/Long/Content/Props/podcircleseatcombined.uasset" 757
"C:/Users/zfert/Games/Capstone/Long/Long/Content/Props/Mats/M_GlassFrosted.uasset" 758
"C:/Users/zfert/Games/Capstone/Long/Long/Content/Props/plasticbin.uasset" 759
"C:/Users/zfert/Games/Capstone/Long/Long/Content/Props/Mats/Brown.uasset" 760
"C:/Users/zfert/Games/Capstone/Long/Long/Content/Props/papertowelholder.uasset" 761
"C:/Users/zfert/Games/Capstone/Long/Long/Content/Props/oculusheadsett.uasset" 762
"C:/Users/zfert/Games/Capstone/Long/Long/Content/Props/oculuscontroller1.uasset" 763
"C:/Users/zfert/Games/Capstone/Long/Long/Content/Props/mouse_.uasset" 764
"C:/Users/zfert/Games/Capstone/Long/Long/Content/Props/Monitor_Lab.uasset" 765
"C:/Users/zfert/Games/Capstone/Long/Long/Content/Props/monitor_innovation_lab.uasset" 766
"C:/Users/zfert/Games/Capstone/Long/Long/Content/Props/minifridge.uasset" 767
"C:/Users/zfert/Games/Capstone/Long/Long/Content/Props/Textures/microwave2.uasset" 768
"C:/Users/zfert/Games/Capstone/Long/Long/Content/Props/Textures/microwave2_Mat.uasset" 769
"C:/Users/zfert/Games/Capstone/Long/Long/Content/Props/microwave.uasset" 770
"C:/Users/zfert/Games/Capstone/Long/Long/Content/Props/Textures/Chair_with_tiny_table_seat.uasset" 771
"C:/Users/zfert/Games/Capstone/Long/Long/Content/Props/Textures/Chair_with_tiny_table_seat_Mat.uasset" 772
"C:/Users/zfert/Games/Capstone/Long/Long/Content/Props/Textures/Chair_with_tiny_table_top_1_Normal.uasset" 773
"C:/Users/zfert/Games/Capstone/Long/Long/Content/Props/Textures/Chair_with_tiny_table_top_1.uasset" 774
"C:/Users/zfert/Games/Capstone/Long/Long/Content/Props/Textures/Chair_with_tiny_table_top_1_Mat.uasset" 775
"C:/Users/zfert/Games/Capstone/Long/Long/Content/Props/lounge_chair.uasset" 776
"C:/Users/zfert/Games/Capstone/Long/Long/Content/Props/Textures/Long_chair_top_Normal.uasset" 777
"C:/Users/zfert/Games/Capstone/Long/Long/Content/Props/Textures/Long_chair_top.uasset" 778
"C:/Users/zfert/Games/Capstone/Long/Long/Content/Props/Textures/Long_chair_top_Mat.uasset" 779
"C:/Users/zfert/Games/Capstone/Long/Long/Content/Props/long_bench.uasset" 780
"C:/Users/zfert/Games/Capstone/Long/Long/Content/Props/locker_lab2.uasset" 781
"C:/Users/zfert/Games/Capstone/Long/Long/Content/Props/lockers.uasset" 782
"C:/Users/zfert/Games/Capstone/Long/Long/Content/Props/light_switch.uasset" 783
"C:/Users/zfert/Games/Capstone/Long/Long/Content/Props/lab_table_.uasset" 784
"C:/Users/zfert/Games/Capstone/Long/Long/Content/Props/Textures/Carpet_Floor_Classroom_Normal.uasset" 785
"C:/Users/zfert/Games/Capstone/Long/Long/Content/Props/Textures/Carpet_Floor_Classroom.uasset" 786
"C:/Users/zfert/Games/Capstone/Long/Long/Content/Props/Textures/Carpet_Floor_Classroom_Mat.uasset" 787
"C:/Users/zfert/Games/Capstone/Long/Long/Content/Props/labtiled.uasset" 788
"C:/Users/zfert/Games/Capstone/Long/Long/Content/Props/keyboard_.uasset" 789
"C:/Users/zfert/Games/Capstone/Long/Long/Content/Props/Mats/RedShiny.uasset" 790
"C:/Users/zfert/Games/Capstone/Long/Long/Content/Props/keurigg.uasset" 791
"C:/Users/zfert/Games/Capstone/Long/Long/Content/Props/island_chair.uasset" 792
"C:/Users/zfert/Games/Capstone/Long/Long/Content/Props/island-2.uasset" 793
"C:/Users/zfert/Games/Capstone/Long/Long/Content/Props/Glass_wall_computer_lab.uasset" 794
"C:/Users/zfert/Games/Capstone/Long/Long/Content/Props/Glass_door_computer_lab.uasset" 795
"C:/Users/zfert/Games/Capstone/Long/Long/Content/Props/front_lab_table.uasset" 796
"C:/Users/zfert/Games/Capstone/Long/Long/Content/Props/fridge.uasset" 797
"C:/Users/zfert/Games/Capstone/Long/Long/Content/Props/expo_maker.uasset" 798
"C:/Users/zfert/Games/Capstone/Long/Long/Content/Props/elevator_door.uasset" 799
"C:/Users/zfert/Games/Capstone/Long/Long/Content/Props/Drawer_FacOffice.uasset" 800
"C:/Users/zfert/Games/Capstone/Long/Long/Content/Props/desktop_.uasset" 801
"C:/Users/zfert/Games/Capstone/Long/Long/Content/Props/Mats/small_shelves.uasset" 802
"C:/Users/zfert/Games/Capstone/Long/Long/Content/Props/Whiteboard_with_Stand.uasset" 803
"C:/Users/zfert/Games/Capstone/Long/Long/Content/Maps/Long_BuiltData.uasset" 804
"C:/Users/zfert/Games/Capstone/Long/Long/Content/StarterContent/Materials/M_AssetPlatform.uasset" 805
"C:/Users/zfert/Games/Capstone/Long/Long/Content/Blueprints/Mouse_PlayerController.uasset" 806
"C:/Users/zfert/Games/Capstone/Long/Long/Content/Sequences/MoveZack.uasset" 807
"C:/Users/zfert/Games/Capstone/Long/Long/Content/Sequences/MoveTyrell.uasset" 808
"C:/Users/zfert/Games/Capstone/Long/Long/Content/Sequences/MoveSophia.uasset" 809
"C:/Users/zfert/Games/Capstone/Long/Long/Content/Sequences/MoveSavannah.uasset" 810
"C:/Users/zfert/Games/Capstone/Long/Long/Content/Sequences/MoveKerrie.uasset" 811
"C:/Users/zfert/Games/Capstone/Long/Long/Content/Sequences/MoveJulia.uasset" 812
"C:/Users/zfert/Games/Capstone/Long/Long/Content/Sequences/MoveIvana.uasset" 813
"C:/Users/zfert/Games/Capstone/Long/Long/Content/Sequences/MoveEmm.uasset" 814
"C:/Users/zfert/Games/Capstone/Long/Long/Content/Sequences/MoveDoo.uasset" 815
"C:/Users/zfert/Games/Capstone/Long/Long/Content/Sequences/MoveDiamond.uasset" 816
"C:/Users/zfert/Games/Capstone/Long/Long/Content/Sequences/MoveDani.uasset" 817
"C:/Users/zfert/Games/Capstone/Long/Long/Content/Sequences/MoveChristy.uasset" 818
"C:/Users/zfert/Games/Capstone/Long/Long/Content/Sequences/MoveAna.uasset" 819
"C:/Users/zfert/Games/Capstone/Long/Long/Content/Sequences/MoveAlyssa.uasset" 820
"C:/Users/zfert/Games/Capstone/Long/Long/Content/Blueprints/Mouse_GameMode.uasset" 821
"C:/Users/zfert/Games/Capstone/Long/Long/Content/Blueprints/MainUI.uasset" 822
"C:/Users/zfert/Games/Capstone/Long/Long/Content/Materials/Long.uasset" 823
"C:/Users/zfert/Games/Capstone/Long/Long/Content/Materials/Long_Mat.uasset" 824
"C:/Users/zfert/Games/Capstone/Long/Long/Content/Maps/Long.umap" 825
